<?xml version="1.0" encoding="UTF-8"?>
<!-- Generated by org.testng.reporters.JUnitReportReporter -->
<testsuite hostname="DESKTOP-5H7RRRE" failures="0" tests="1" name="Facebook_Auto.Screenshot" time="27.459" errors="0" timestamp="2022-11-30T14:20:51 IST" skipped="0">
  <testcase classname="Facebook_Auto.Screenshot" name="takeScreenshot" time="27.459"/>
  <system-out/>
</testsuite> <!-- Facebook_Auto.Screenshot -->
