<?xml version="1.0" encoding="UTF-8"?>
<!-- Generated by org.testng.reporters.JUnitReportReporter -->
<testsuite hostname="DESKTOP-5H7RRRE" failures="0" tests="1" name="Facebook_Auto.RobotClass" time="39.288" errors="0" timestamp="2022-11-30T20:21:39 IST" skipped="0">
  <testcase classname="Facebook_Auto.RobotClass" name="UsingRobotMouse" time="39.288"/>
  <system-out/>
</testsuite> <!-- Facebook_Auto.RobotClass -->
