<?xml version="1.0" encoding="UTF-8"?>
<!-- Generated by org.testng.reporters.JUnitReportReporter -->
<testsuite hostname="DESKTOP-5H7RRRE" failures="0" tests="1" name="Facebook_Auto.FileUpload_PopUp" time="51.305" errors="0" timestamp="2022-12-07T19:32:43 IST" skipped="0">
  <testcase classname="Facebook_Auto.FileUpload_PopUp" name="fileUploadUsingAutoit" time="51.305"/>
  <system-out/>
</testsuite> <!-- Facebook_Auto.FileUpload_PopUp -->
