<?xml version="1.0" encoding="UTF-8"?>
<!-- Generated by org.testng.reporters.JUnitReportReporter -->
<testsuite hostname="DESKTOP-5H7RRRE" failures="0" tests="1" name="Facebook_Auto.Login" time="31.202" errors="0" timestamp="2022-12-01T21:29:25 IST" skipped="0">
  <testcase classname="Facebook_Auto.Login" name="isDisplayed" time="31.202"/>
  <system-out/>
</testsuite> <!-- Facebook_Auto.Login -->
