<?xml version="1.0" encoding="UTF-8"?>
<!-- Generated by org.testng.reporters.JUnitReportReporter -->
<testsuite hostname="DESKTOP-5H7RRRE" failures="0" tests="1" name="Facebook_Auto.JavaScript_PopUp" time="56.663" errors="0" timestamp="2022-12-07T19:50:25 IST" skipped="0">
  <testcase classname="Facebook_Auto.JavaScript_PopUp" name="promptbox_PopUp" time="56.663"/>
  <system-out/>
</testsuite> <!-- Facebook_Auto.JavaScript_PopUp -->
