<?xml version="1.0" encoding="UTF-8"?>
<!-- Generated by org.testng.reporters.JUnitReportReporter -->
<testsuite hostname="DESKTOP-5H7RRRE" failures="0" tests="2" name="Facebook_Auto.DataProvider_Exmp" time="182.714" errors="0" timestamp="2022-12-13T18:48:50 IST" skipped="0">
  <testcase classname="Facebook_Auto.DataProvider_Exmp" name="login" time="49.339"/>
  <system-out/>
  <testcase classname="Facebook_Auto.DataProvider_Exmp" name="login" time="133.375"/>
  <system-out/>
</testsuite> <!-- Facebook_Auto.DataProvider_Exmp -->
