<?xml version="1.0" encoding="UTF-8"?>
<!-- Generated by org.testng.reporters.JUnitReportReporter -->
<testsuite hostname="DESKTOP-5H7RRRE" failures="0" tests="1" name="Facebook_Auto.HiddenDivision_PopUp" time="79.446" errors="0" timestamp="2022-12-09T13:24:09 IST" skipped="0">
  <testcase classname="Facebook_Auto.HiddenDivision_PopUp" name="Hidden_PopUp" time="79.446"/>
  <system-out/>
</testsuite> <!-- Facebook_Auto.HiddenDivision_PopUp -->
