<?xml version="1.0" encoding="UTF-8"?>
<!-- Generated by org.testng.reporters.JUnitReportReporter -->
<testsuite hostname="DESKTOP-5H7RRRE" failures="0" tests="4" name="Facebook_Auto.ActionClass" time="123.653" errors="0" timestamp="2022-12-09T13:08:51 IST" skipped="0">
  <testcase classname="Facebook_Auto.ActionClass" name="doubleClick_Method" time="23.367"/>
  <system-out/>
  <testcase classname="Facebook_Auto.ActionClass" name="keyboard_Method" time="30.963"/>
  <system-out/>
  <testcase classname="Facebook_Auto.ActionClass" name="contextClick_Method" time="17.543"/>
  <system-out/>
  <testcase classname="Facebook_Auto.ActionClass" name="dragAndDrop_Method" time="51.780"/>
  <system-out/>
</testsuite> <!-- Facebook_Auto.ActionClass -->
