<?xml version="1.0" encoding="UTF-8"?>
<!-- Generated by org.testng.reporters.JUnitReportReporter -->
<testsuite hostname="DESKTOP-5H7RRRE" failures="0" tests="4" name="Facebook_Auto.WebTable" time="47.220" errors="0" timestamp="2022-12-09T13:13:28 IST" skipped="0">
  <testcase classname="Facebook_Auto.WebTable" name="Web_Table_PrintNumeric_Value" time="6.468"/>
  <system-out/>
  <testcase classname="Facebook_Auto.WebTable" name="Web_Table_TotalNumber_Of_Cells" time="14.359"/>
  <system-out/>
  <testcase classname="Facebook_Auto.WebTable" name="Web_Table_RowsCount" time="18.140"/>
  <system-out/>
  <testcase classname="Facebook_Auto.WebTable" name="Web_Table_ColumnCount" time="8.253"/>
  <system-out/>
</testsuite> <!-- Facebook_Auto.WebTable -->
