<?xml version="1.0" encoding="UTF-8"?>
<!-- Generated by org.testng.reporters.JUnitReportReporter -->
<testsuite hostname="DESKTOP-5H7RRRE" failures="0" tests="1" name="Bs_TestCases.HomePage_Test" time="112.258" errors="0" timestamp="2022-12-16T20:46:28 IST" skipped="0">
  <testcase classname="Bs_TestCases.HomePage_Test" name="singleUserHomePageTest" time="112.258"/>
  <system-out/>
</testsuite> <!-- Bs_TestCases.HomePage_Test -->
