<?xml version="1.0" encoding="UTF-8"?>
<!-- Generated by org.testng.reporters.JUnitReportReporter -->
<testsuite hostname="DESKTOP-5H7RRRE" failures="0" tests="1" name="Bs_TestCases.Signup_Test" time="32.594" errors="0" timestamp="2022-12-13T12:34:43 IST" skipped="0">
  <testcase classname="Bs_TestCases.Signup_Test" name="Signup_Test" time="32.594"/>
  <system-out/>
</testsuite> <!-- Bs_TestCases.Signup_Test -->
