<?xml version="1.0" encoding="UTF-8"?>
<!-- Generated by org.testng.reporters.JUnitReportReporter -->
<testsuite hostname="DESKTOP-5H7RRRE" failures="0" tests="1" name="Facebook_Auto.ActionClass_Method" time="38.779" errors="0" timestamp="2022-12-05T16:10:07 IST" skipped="0">
  <testcase classname="Facebook_Auto.ActionClass_Method" name="Using_DragAndDrop_Method" time="38.779"/>
  <system-out/>
</testsuite> <!-- Facebook_Auto.ActionClass_Method -->
