<?xml version="1.0" encoding="UTF-8"?>
<!-- Generated by org.testng.reporters.JUnitReportReporter -->
<testsuite hostname="DESKTOP-5H7RRRE" failures="0" tests="1" name="Bs_TestCases.Login_Page_Test" time="49.660" errors="0" timestamp="2022-12-16T21:41:49 IST" skipped="0">
  <testcase classname="Bs_TestCases.Login_Page_Test" name="login_Test" time="49.660"/>
  <system-out/>
</testsuite> <!-- Bs_TestCases.Login_Page_Test -->
