<?xml version="1.0" encoding="UTF-8"?>
<!-- Generated by org.testng.reporters.JUnitReportReporter -->
<testsuite hostname="DESKTOP-5H7RRRE" failures="0" tests="1" name="Facebook_Auto.ChildBrowser_PopUp" time="45.426" errors="0" timestamp="2022-12-08T20:59:56 IST" skipped="0">
  <testcase classname="Facebook_Auto.ChildBrowser_PopUp" name="Close_Parent_Window" time="45.426"/>
  <system-out/>
</testsuite> <!-- Facebook_Auto.ChildBrowser_PopUp -->
